4722370
4984851
-1
4945726
4913354
4837255
-1
4839158
-1
4862512
4937229
4965320
-1
4612714
4812823
4921360
4882578
-1
4959079
4976184
4813600
4824554
4793063
4479375
4809859
-1
4943113
4974514
4897801
4906263
4957123
4968655
4961531
4982164
4980533
4738081
-1
4802014
4877585
4866267
4756186
4634916
4642774
4860372
4918793
4726172
4954012
4619164
4647506
4818979
4663186
4917922
4920258
4958604
4801989
4805802
4811195
4901227
4803490
4903435
4687364
4887077
4932258
4947871
4918679
4960021
4765336
4860441
4964163
4899962
4700758
4923706
-1
4809403
4938768
4838513
-1
4925097
4924409
4940416
4579195
4867510
4927166
4570481
4501568
4964000
4893656
4992507
4745448
4979470
4895960
4841698
4846439
4721247
4667007
-1
4588030
4930569
4666395
4938348
