4965001
4959273
4877443
4968655
4872508
4961969
4663186
4789826
4959079
4598654
4883977
4982391
4961072
-1
4990407
4960021
4570481
4938768
4738081
4824554
4872021
4846382
4861772
4931512
4642774
4898211
-1
4747731
-1
4926203
4921360
4884124
4821501
4882578
4837255
4932258
4957123
-1
4964458
4831301
4972517
4827360
4860441
-1
4842639
4819573
4899962
4992507
-1
4745448
4905473
4979337
4938348
4961531
-1
4830646
4560046
4919149
4580612
4974676
4806869
4889497
4983449
4813600
4862512
4846439
4860372
4881578
-1
4927165
4612714
4924481
4802014
4965320
4918793
4887077
4943408
4841688
4724198
4937229
4948678
4809403
4700758
4981421
4841698
4943113
-1
4911496
4947871
4850862
-1
4924409
4979470
4913354
4958301
4764507
4903220
4893656
4809859
4957221
