4857613
4948437
4887077
4687364
4897663
4542126
4695440
4992657
4747731
4613231
4579195
4982391
4924481
4938348
4634916
4943408
4917886
4889497
4903220
4954012
4700758
4836743
4793306
4719800
4839158
-1
4983449
4923706
4778626
4931512
-1
4905930
4879060
4968655
4817231
-1
4974514
4803490
4821501
4906263
4964000
4862512
-1
4841688
4957221
4895960
4918679
4965001
4976184
4764445
4918793
4588030
4867510
4959079
-1
-1
4903435
4979337
4884259
4726172
4882578
4947730
4899962
4663186
4580612
4982164
4923597
4738081
4855530
-1
4846439
4981421
4793063
4828471
4980533
4666395
4948678
4570481
4647506
4984851
-1
-1
4944565
4612714
4768652
4756158
4943113
4921410
4942305
4813600
4501568
4838513
4928106
4560046
4863399
4598654
-1
4979470
4920258
4905473
